<?xml version="1.0" encoding="UTF-8" ?>
<testsuites disabled="0" errors="0" failures="0" tests="3" time="15.275">
 <testsuite name="demo calculator tests" timestamp="2021-01-05T09:26:54" hostname="localhost" time="15.275" errors="0" tests="3" skipped="0" disabled="0" failures="0">
  <testcase classname="demo calculator tests" name="addition" time="5.476" />
  <testcase classname="demo calculator tests" name="subtraction" time="6.207" />
  <testcase classname="demo calculator tests" name="subtraction" time="3.587" />
 </testsuite>
</testsuites>